<?xml version="1.0" encoding="UTF-8"?>
<testng-results skipped="0" failed="0" ignored="0" total="1" passed="1">
  <reporter-output>
  </reporter-output>
  <suite name="Default suite" duration-ms="26" started-at="2017-11-14T16:14:16Z" finished-at="2017-11-14T16:14:16Z">
    <groups>
    </groups>
    <test name="Default test" duration-ms="26" started-at="2017-11-14T16:14:16Z" finished-at="2017-11-14T16:14:16Z">
      <class name="test_STN">
        <test-method status="PASS" signature="testPrintMessage()[pri:0, instance:test_STN@573f2bb1]" name="testPrintMessage" duration-ms="8" started-at="2017-11-14T11:14:16Z" finished-at="2017-11-14T11:14:16Z">
          <reporter-output>
          </reporter-output>
        </test-method> <!-- testPrintMessage -->
      </class> <!-- test_STN -->
    </test> <!-- Default test -->
  </suite> <!-- Default suite -->
</testng-results>
